[ 2019-04-07T08:46:04+08:00 ] ::1 /blog/index.php/admin/index/index
INFO: [ app_init ] --START--
INFO: Run Behavior\BuildLiteBehavior [ RunTime:0.000138s ]
INFO: [ app_init ] --END-- [ RunTime:0.002317s ]
INFO: [ app_begin ] --START--
INFO: Run Behavior\ReadHtmlCacheBehavior [ RunTime:0.001455s ]
INFO: [ app_begin ] --END-- [ RunTime:0.001810s ]
INFO: [ view_parse ] --START--
INFO: [ template_filter ] --START--
INFO: Run Behavior\ContentReplaceBehavior [ RunTime:0.001064s ]
INFO: [ template_filter ] --END-- [ RunTime:0.001237s ]
INFO: Run Behavior\ParseTemplateBehavior [ RunTime:0.023744s ]
INFO: [ view_parse ] --END-- [ RunTime:0.023975s ]
INFO: [ view_filter ] --START--
INFO: Run Behavior\WriteHtmlCacheBehavior [ RunTime:0.000675s ]
INFO: [ view_filter ] --END-- [ RunTime:0.000792s ]
INFO: [ app_end ] --START--
INFO: Run Behavior\ShowPageTraceBehavior [ RunTime:0.001367s ]
INFO: [ app_end ] --END-- [ RunTime:0.001551s ]

[ 2019-04-07T08:46:04+08:00 ] ::1 /blog/index.php/admin/index/images/weixin.jpg
INFO: [ app_init ] --START--
INFO: Run Behavior\BuildLiteBehavior [ RunTime:0.000054s ]
INFO: [ app_init ] --END-- [ RunTime:0.000938s ]

[ 2019-04-07T08:46:27+08:00 ] ::1 /blog/index.php/Admin/index/index
INFO: [ app_init ] --START--
INFO: Run Behavior\BuildLiteBehavior [ RunTime:0.000048s ]
INFO: [ app_init ] --END-- [ RunTime:0.000915s ]
INFO: [ app_begin ] --START--
INFO: Run Behavior\ReadHtmlCacheBehavior [ RunTime:0.001015s ]
INFO: [ app_begin ] --END-- [ RunTime:0.001391s ]
INFO: [ view_parse ] --START--
INFO: [ template_filter ] --START--
INFO: Run Behavior\ContentReplaceBehavior [ RunTime:0.000215s ]
INFO: [ template_filter ] --END-- [ RunTime:0.000360s ]
INFO: Run Behavior\ParseTemplateBehavior [ RunTime:0.017825s ]
INFO: [ view_parse ] --END-- [ RunTime:0.018020s ]
INFO: [ view_filter ] --START--
INFO: Run Behavior\WriteHtmlCacheBehavior [ RunTime:0.000990s ]
INFO: [ view_filter ] --END-- [ RunTime:0.001225s ]
INFO: [ app_end ] --START--
INFO: Run Behavior\ShowPageTraceBehavior [ RunTime:0.001868s ]
INFO: [ app_end ] --END-- [ RunTime:0.002152s ]

[ 2019-04-07T08:46:27+08:00 ] ::1 /blog/index.php/Admin/index/images/weixin.jpg
INFO: [ app_init ] --START--
INFO: Run Behavior\BuildLiteBehavior [ RunTime:0.000035s ]
INFO: [ app_init ] --END-- [ RunTime:0.000617s ]

[ 2019-04-07T08:46:28+08:00 ] ::1 /blog/index.php/Admin/article/article
INFO: [ app_init ] --START--
INFO: Run Behavior\BuildLiteBehavior [ RunTime:0.000061s ]
INFO: [ app_init ] --END-- [ RunTime:0.001049s ]
INFO: [ app_begin ] --START--
INFO: Run Behavior\ReadHtmlCacheBehavior [ RunTime:0.001113s ]
INFO: [ app_begin ] --END-- [ RunTime:0.001346s ]
SQL: SHOW COLUMNS FROM `article` [ RunTime:0.0081s ]
SQL: SELECT COUNT(*) AS tp_count FROM `article` WHERE ( id>0 ) LIMIT 1   [ RunTime:0.0014s ]
SQL: SELECT `content`,`id`,`title`,`column`,`label`,`comments`,`datetime` FROM `article` WHERE ( id>0 ) ORDER BY id LIMIT 0,5   [ RunTime:0.0009s ]
INFO: [ view_parse ] --START--
INFO: [ template_filter ] --START--
INFO: Run Behavior\ContentReplaceBehavior [ RunTime:0.000269s ]
INFO: [ template_filter ] --END-- [ RunTime:0.000493s ]
INFO: Run Behavior\ParseTemplateBehavior [ RunTime:0.020375s ]
INFO: [ view_parse ] --END-- [ RunTime:0.020574s ]
INFO: [ view_filter ] --START--
INFO: Run Behavior\WriteHtmlCacheBehavior [ RunTime:0.000324s ]
INFO: [ view_filter ] --END-- [ RunTime:0.000412s ]
INFO: [ app_end ] --START--
INFO: Run Behavior\ShowPageTraceBehavior [ RunTime:0.001354s ]
INFO: [ app_end ] --END-- [ RunTime:0.002073s ]

[ 2019-04-07T08:46:32+08:00 ] ::1 /blog/index.php/Admin/Article/add_article
INFO: [ app_init ] --START--
INFO: Run Behavior\BuildLiteBehavior [ RunTime:0.000038s ]
INFO: [ app_init ] --END-- [ RunTime:0.000689s ]
INFO: [ app_begin ] --START--
INFO: Run Behavior\ReadHtmlCacheBehavior [ RunTime:0.000678s ]
INFO: [ app_begin ] --END-- [ RunTime:0.000850s ]
INFO: [ view_parse ] --START--
INFO: [ template_filter ] --START--
INFO: Run Behavior\ContentReplaceBehavior [ RunTime:0.000350s ]
INFO: [ template_filter ] --END-- [ RunTime:0.000575s ]
INFO: Run Behavior\ParseTemplateBehavior [ RunTime:0.015622s ]
INFO: [ view_parse ] --END-- [ RunTime:0.015848s ]
INFO: [ view_filter ] --START--
INFO: Run Behavior\WriteHtmlCacheBehavior [ RunTime:0.000670s ]
INFO: [ view_filter ] --END-- [ RunTime:0.000834s ]
INFO: [ app_end ] --START--
INFO: Run Behavior\ShowPageTraceBehavior [ RunTime:0.001190s ]
INFO: [ app_end ] --END-- [ RunTime:0.001476s ]

[ 2019-04-07T08:46:34+08:00 ] ::1 /blog/index.php/Admin/Article/update_article/id/7
INFO: [ app_init ] --START--
INFO: Run Behavior\BuildLiteBehavior [ RunTime:0.000040s ]
INFO: [ app_init ] --END-- [ RunTime:0.000820s ]
INFO: [ app_begin ] --START--
INFO: Run Behavior\ReadHtmlCacheBehavior [ RunTime:0.000929s ]
INFO: [ app_begin ] --END-- [ RunTime:0.001169s ]
SQL: SHOW COLUMNS FROM `article` [ RunTime:0.0011s ]
SQL: SELECT * FROM `article` WHERE `id` = 7 LIMIT 1   [ RunTime:0.0007s ]
INFO: [ view_parse ] --START--
INFO: [ template_filter ] --START--
INFO: Run Behavior\ContentReplaceBehavior [ RunTime:0.000169s ]
INFO: [ template_filter ] --END-- [ RunTime:0.000278s ]
INFO: Run Behavior\ParseTemplateBehavior [ RunTime:0.027341s ]
INFO: [ view_parse ] --END-- [ RunTime:0.027605s ]
INFO: [ view_filter ] --START--
INFO: Run Behavior\WriteHtmlCacheBehavior [ RunTime:0.000683s ]
INFO: [ view_filter ] --END-- [ RunTime:0.000941s ]
INFO: [ app_end ] --START--
INFO: Run Behavior\ShowPageTraceBehavior [ RunTime:0.001004s ]
INFO: [ app_end ] --END-- [ RunTime:0.001298s ]

[ 2019-04-07T08:46:42+08:00 ] ::1 /blog/index.php/Admin/Article/article/p/2.html
INFO: [ app_init ] --START--
INFO: Run Behavior\BuildLiteBehavior [ RunTime:0.000063s ]
INFO: [ app_init ] --END-- [ RunTime:0.001051s ]
INFO: [ app_begin ] --START--
INFO: Run Behavior\ReadHtmlCacheBehavior [ RunTime:0.001028s ]
INFO: [ app_begin ] --END-- [ RunTime:0.001356s ]
SQL: SHOW COLUMNS FROM `article` [ RunTime:0.0012s ]
SQL: SELECT COUNT(*) AS tp_count FROM `article` WHERE ( id>0 ) LIMIT 1   [ RunTime:0.0004s ]
SQL: SELECT `content`,`id`,`title`,`column`,`label`,`comments`,`datetime` FROM `article` WHERE ( id>0 ) ORDER BY id LIMIT 5,5   [ RunTime:0.0008s ]
INFO: [ view_parse ] --START--
INFO: [ template_filter ] --START--
INFO: Run Behavior\ContentReplaceBehavior [ RunTime:0.000243s ]
INFO: [ template_filter ] --END-- [ RunTime:0.000505s ]
INFO: Run Behavior\ParseTemplateBehavior [ RunTime:0.026307s ]
INFO: [ view_parse ] --END-- [ RunTime:0.026580s ]
INFO: [ view_filter ] --START--
INFO: Run Behavior\WriteHtmlCacheBehavior [ RunTime:0.000623s ]
INFO: [ view_filter ] --END-- [ RunTime:0.000838s ]
INFO: [ app_end ] --START--
INFO: Run Behavior\ShowPageTraceBehavior [ RunTime:0.000931s ]
INFO: [ app_end ] --END-- [ RunTime:0.001123s ]

[ 2019-04-07T08:46:43+08:00 ] ::1 /blog/index.php/Admin/Article/article/p/1.html
INFO: [ app_init ] --START--
INFO: Run Behavior\BuildLiteBehavior [ RunTime:0.000045s ]
INFO: [ app_init ] --END-- [ RunTime:0.001068s ]
INFO: [ app_begin ] --START--
INFO: Run Behavior\ReadHtmlCacheBehavior [ RunTime:0.000495s ]
INFO: [ app_begin ] --END-- [ RunTime:0.000610s ]
SQL: SHOW COLUMNS FROM `article` [ RunTime:0.0019s ]
SQL: SELECT COUNT(*) AS tp_count FROM `article` WHERE ( id>0 ) LIMIT 1   [ RunTime:0.0004s ]
SQL: SELECT `content`,`id`,`title`,`column`,`label`,`comments`,`datetime` FROM `article` WHERE ( id>0 ) ORDER BY id LIMIT 0,5   [ RunTime:0.0007s ]
INFO: [ view_parse ] --START--
INFO: [ template_filter ] --START--
INFO: Run Behavior\ContentReplaceBehavior [ RunTime:0.000145s ]
INFO: [ template_filter ] --END-- [ RunTime:0.000284s ]
INFO: Run Behavior\ParseTemplateBehavior [ RunTime:0.036081s ]
INFO: [ view_parse ] --END-- [ RunTime:0.036335s ]
INFO: [ view_filter ] --START--
INFO: Run Behavior\WriteHtmlCacheBehavior [ RunTime:0.002465s ]
INFO: [ view_filter ] --END-- [ RunTime:0.002780s ]
INFO: [ app_end ] --START--
INFO: Run Behavior\ShowPageTraceBehavior [ RunTime:0.001269s ]
INFO: [ app_end ] --END-- [ RunTime:0.001559s ]

